<?xml version="1.0" encoding="UTF-8"?>
<!-- Generated by org.testng.reporters.JUnitXMLReporter -->
<testsuite ignored="0" hostname="AkashPandit" failures="0" tests="3" name="Chrome on Windows" time="31.601" errors="0" timestamp="2025-03-24T23:32:59 IST">
  <testcase classname="automationProject.Selenium101Test" name="testScenario1" time="4.955"/>
  <testcase classname="automationProject.Selenium101Test" name="testScenario2" time="7.222"/>
  <testcase classname="automationProject.Selenium101Test" name="testScenario3" time="9.983"/>
</testsuite> <!-- Chrome on Windows -->
