<?xml version="1.0" encoding="UTF-8"?>
<!-- Generated by org.testng.reporters.JUnitXMLReporter -->
<testsuite ignored="0" hostname="AkashPandit" failures="0" tests="3" name="Edge on Windows" time="30.671" errors="0" timestamp="2025-03-24T23:32:58 IST">
  <testcase classname="automationProject.Selenium101Test" name="testScenario1" time="2.481"/>
  <testcase classname="automationProject.Selenium101Test" name="testScenario2" time="7.192"/>
  <testcase classname="automationProject.Selenium101Test" name="testScenario3" time="10.38"/>
</testsuite> <!-- Edge on Windows -->
